<?xml version="1.0" encoding="UTF-8"?>
<!-- Generated by org.testng.reporters.JUnitReportReporter -->
<testsuite hostname="DESKTOP-QRS5SOS" failures="0" tests="2" name="cucumber.Options.TestNGTestRunner" time="8.266" errors="0" timestamp="2023-07-09T22:06:47 IST" skipped="0">
  <testcase classname="cucumber.Options.TestNGTestRunner" name="runScenario" time="7.991"/>
  <system-out/>
  <testcase classname="cucumber.Options.TestNGTestRunner" name="runScenario" time="0.275"/>
  <system-out/>
</testsuite> <!-- cucumber.Options.TestNGTestRunner -->
